<?xml version="1.0" encoding="UTF-8"?>
<!-- Generated by org.testng.reporters.JUnitReportReporter -->
<testsuite hostname="Sushma" failures="0" tests="1" name="com.ParaBank.testcases.TC_LoginTest_001" time="5.354" errors="0" timestamp="2023-07-16T19:35:01 CEST" skipped="0">
  <testcase classname="com.ParaBank.testcases.TC_LoginTest_001" name="LoginTest" time="5.354"/>
</testsuite> <!-- com.ParaBank.testcases.TC_LoginTest_001 -->
