<?xml version="1.0" encoding="UTF-8"?>
<!-- Generated by org.testng.reporters.JUnitReportReporter -->
<testsuite hostname="Sushma" failures="0" tests="5" name="com.ParaBank.testcases.TC_LoginTest_002" time="14.845" errors="0" timestamp="2023-07-16T19:35:01 CEST" skipped="0">
  <testcase classname="com.ParaBank.testcases.TC_LoginTest_002" name="loginDDT" time="1.943"/>
  <testcase classname="com.ParaBank.testcases.TC_LoginTest_002" name="loginDDT" time="6.807"/>
  <testcase classname="com.ParaBank.testcases.TC_LoginTest_002" name="loginDDT" time="1.888"/>
  <testcase classname="com.ParaBank.testcases.TC_LoginTest_002" name="loginDDT" time="1.919"/>
  <testcase classname="com.ParaBank.testcases.TC_LoginTest_002" name="loginDDT" time="2.288"/>
</testsuite> <!-- com.ParaBank.testcases.TC_LoginTest_002 -->
